# JRE version: Java(TM) SE Runtime Environment Oracle GraalVM 17.0.10+11.1 (17.0.10+11) (build 17.0.10+11-LTS-jvmci-23.0-b27)
# Java VM: Java HotSpot(TM) 64-Bit Server VM Oracle GraalVM 17.0.10+11.1 (17.0.10+11-LTS-jvmci-23.0-b27, mixed mode, sharing, tiered, jvmci, jvmci compiler, compressed oops, compressed class ptrs, g1 gc, windows-amd64)
GC Precious Log:
 CPUs: 8 total, 8 available
 Memory: 8100M
 Large Page Support: Disabled
 NUMA Support: Disabled
 Compressed Oops: Enabled (32-bit)
 Heap Region Size: 1M
 Heap Min Capacity: 8M
 Heap Initial Capacity: 128M
 Heap Max Capacity: 2026M
 Pre-touch: Disabled
 Parallel Workers: 8
 Concurrent Workers: 2
 Concurrent Refinement Workers: 8
 Periodic GC: Disabled
Heap:
 garbage-first heap   total 73728K, used 36296K [0x0000000081600000, 0x0000000100000000)
  region size 1024K, 6 young (6144K), 1 survivors (1024K)
 Metaspace       used 58606K, committed 59136K, reserved 1114112K
  class space    used 6995K, committed 7232K, reserved 1048576K
GC Heap History (20 events):
Event: 114083.239 GC heap before
{Heap before GC invocations=27 (full 0):
 garbage-first heap   total 73728K, used 62902K [0x0000000081600000, 0x0000000100000000)
  region size 1024K, 32 young (32768K), 2 survivors (2048K)
 Metaspace       used 58122K, committed 58688K, reserved 1114112K
  class space    used 6984K, committed 7232K, reserved 1048576K
}
Event: 114083.288 GC heap after
{Heap after GC invocations=28 (full 0):
 garbage-first heap   total 73728K, used 32178K [0x0000000081600000, 0x0000000100000000)
  region size 1024K, 2 young (2048K), 2 survivors (2048K)
 Metaspace       used 58122K, committed 58688K, reserved 1114112K
  class space    used 6984K, committed 7232K, reserved 1048576K
}
Event: 169432.947 GC heap before
{Heap before GC invocations=28 (full 0):
 garbage-first heap   total 73728K, used 62898K [0x0000000081600000, 0x0000000100000000)
  region size 1024K, 32 young (32768K), 2 survivors (2048K)
 Metaspace       used 58185K, committed 58752K, reserved 1114112K
  class space    used 6985K, committed 7232K, reserved 1048576K
}
Event: 169433.105 GC heap after
{Heap after GC invocations=29 (full 0):
 garbage-first heap   total 73728K, used 32089K [0x0000000081600000, 0x0000000100000000)
  region size 1024K, 1 young (1024K), 1 survivors (1024K)
 Metaspace       used 58185K, committed 58752K, reserved 1114112K
  class space    used 6985K, committed 7232K, reserved 1048576K
}
Event: 184107.718 GC heap before
{Heap before GC invocations=29 (full 0):
 garbage-first heap   total 73728K, used 62809K [0x0000000081600000, 0x0000000100000000)
  region size 1024K, 31 young (31744K), 1 survivors (1024K)
 Metaspace       used 58256K, committed 58816K, reserved 1114112K
  class space    used 6985K, committed 7232K, reserved 1048576K
}
Event: 184107.958 GC heap after
{Heap after GC invocations=30 (full 0):
 garbage-first heap   total 73728K, used 32141K [0x0000000081600000, 0x0000000100000000)
  region size 1024K, 1 young (1024K), 1 survivors (1024K)
 Metaspace       used 58256K, committed 58816K, reserved 1114112K
  class space    used 6985K, committed 7232K, reserved 1048576K
}
Event: 228137.625 GC heap before
{Heap before GC invocations=30 (full 0):
 garbage-first heap   total 73728K, used 62861K [0x0000000081600000, 0x0000000100000000)
  region size 1024K, 31 young (31744K), 1 survivors (1024K)
 Metaspace       used 58298K, committed 58816K, reserved 1114112K
  class space    used 6986K, committed 7232K, reserved 1048576K
}
Event: 228137.782 GC heap after
{Heap after GC invocations=31 (full 0):
 garbage-first heap   total 73728K, used 32163K [0x0000000081600000, 0x0000000100000000)
  region size 1024K, 1 young (1024K), 1 survivors (1024K)
 Metaspace       used 58298K, committed 58816K, reserved 1114112K
  class space    used 6986K, committed 7232K, reserved 1048576K
}
Event: 230731.575 GC heap before
{Heap before GC invocations=31 (full 0):
 garbage-first heap   total 73728K, used 61859K [0x0000000081600000, 0x0000000100000000)
  region size 1024K, 30 young (30720K), 1 survivors (1024K)
 Metaspace       used 58328K, committed 58880K, reserved 1114112K
  class space    used 6986K, committed 7232K, reserved 1048576K
}
Event: 230731.646 GC heap after
{Heap after GC invocations=32 (full 0):
 garbage-first heap   total 73728K, used 32159K [0x0000000081600000, 0x0000000100000000)
  region size 1024K, 1 young (1024K), 1 survivors (1024K)
 Metaspace       used 58328K, committed 58880K, reserved 1114112K
  class space    used 6986K, committed 7232K, reserved 1048576K
}
Event: 253626.546 GC heap before
{Heap before GC invocations=32 (full 0):
 garbage-first heap   total 73728K, used 61855K [0x0000000081600000, 0x0000000100000000)
  region size 1024K, 30 young (30720K), 1 survivors (1024K)
 Metaspace       used 58346K, committed 58880K, reserved 1114112K
  class space    used 6986K, committed 7232K, reserved 1048576K
}
Event: 253626.684 GC heap after
{Heap after GC invocations=33 (full 0):
 garbage-first heap   total 73728K, used 32159K [0x0000000081600000, 0x0000000100000000)
  region size 1024K, 1 young (1024K), 1 survivors (1024K)
 Metaspace       used 58346K, committed 58880K, reserved 1114112K
  class space    used 6986K, committed 7232K, reserved 1048576K
}
Event: 256226.825 GC heap before
{Heap before GC invocations=33 (full 0):
 garbage-first heap   total 73728K, used 61855K [0x0000000081600000, 0x0000000100000000)
  region size 1024K, 30 young (30720K), 1 survivors (1024K)
 Metaspace       used 58365K, committed 58880K, reserved 1114112K
  class space    used 6986K, committed 7232K, reserved 1048576K
}
Event: 256226.884 GC heap after
{Heap after GC invocations=34 (full 0):
 garbage-first heap   total 73728K, used 32164K [0x0000000081600000, 0x0000000100000000)
  region size 1024K, 1 young (1024K), 1 survivors (1024K)
 Metaspace       used 58365K, committed 58880K, reserved 1114112K
  class space    used 6986K, committed 7232K, reserved 1048576K
}
Event: 259686.270 GC heap before
{Heap before GC invocations=34 (full 0):
 garbage-first heap   total 73728K, used 61860K [0x0000000081600000, 0x0000000100000000)
  region size 1024K, 30 young (30720K), 1 survivors (1024K)
 Metaspace       used 58381K, committed 58880K, reserved 1114112K
  class space    used 6986K, committed 7232K, reserved 1048576K
}
Event: 259686.350 GC heap after
{Heap after GC invocations=35 (full 0):
 garbage-first heap   total 73728K, used 32160K [0x0000000081600000, 0x0000000100000000)
  region size 1024K, 1 young (1024K), 1 survivors (1024K)
 Metaspace       used 58381K, committed 58880K, reserved 1114112K
  class space    used 6986K, committed 7232K, reserved 1048576K
}
Event: 262374.182 GC heap before
{Heap before GC invocations=35 (full 0):
 garbage-first heap   total 73728K, used 62880K [0x0000000081600000, 0x0000000100000000)
  region size 1024K, 31 young (31744K), 1 survivors (1024K)
 Metaspace       used 58488K, committed 59008K, reserved 1114112K
  class space    used 6990K, committed 7232K, reserved 1048576K
}
Event: 262374.282 GC heap after
{Heap after GC invocations=36 (full 0):
 garbage-first heap   total 73728K, used 32231K [0x0000000081600000, 0x0000000100000000)
  region size 1024K, 1 young (1024K), 1 survivors (1024K)
 Metaspace       used 58488K, committed 59008K, reserved 1114112K
  class space    used 6990K, committed 7232K, reserved 1048576K
}
Event: 267069.004 GC heap before
{Heap before GC invocations=36 (full 0):
 garbage-first heap   total 73728K, used 61927K [0x0000000081600000, 0x0000000100000000)
  region size 1024K, 30 young (30720K), 1 survivors (1024K)
 Metaspace       used 58582K, committed 59072K, reserved 1114112K
  class space    used 6995K, committed 7232K, reserved 1048576K
}
Event: 267069.102 GC heap after
{Heap after GC invocations=37 (full 0):
 garbage-first heap   total 73728K, used 32200K [0x0000000081600000, 0x0000000100000000)
  region size 1024K, 1 young (1024K), 1 survivors (1024K)
 Metaspace       used 58582K, committed 59072K, reserved 1114112K
  class space    used 6995K, committed 7232K, reserved 1048576K
}

